
> enrich:zam
> node --experimental-strip-types scripts/enrich-items-from-zam.ts

[1/361] Skipping processed item: 1 of 4 Books
[2/361] Skipping processed item: 10+ Different Terrible Helmets
[3/361] Skipping processed item: Abalone Gorget
[4/361] Skipping processed item: Adamantite Band
[5/361] Skipping processed item: Adamantite Epaulets
[6/361] Searching Alligator Tooth Earring
[6/361] Selected https://everquest.allakhazam.com/db/item.html?item=1905
[7/361] Searching Amethyst Bracelet
[7/361] Selected https://everquest.allakhazam.com/db/item.html?item=838
[8/361] Searching Archaeologist Pack
[8/361] Selected https://everquest.allakhazam.com/db/item.html?item=2363
[9/361] Searching Armadillo hide
[9/361] Selected https://everquest.allakhazam.com/db/item.html?item=51256
[10/361] Searching Ashenwood Short Spear
[10/361] Selected https://everquest.allakhazam.com/db/item.html?item=687
[11/361] Searching Azure Sleeves
[11/361] Selected https://everquest.allakhazam.com/db/item.html?item=2263
[12/361] Searching Ball of Golem Clay
[12/361] Selected https://everquest.allakhazam.com/db/item.html?item=2485
[13/361] Searching Barbarian Hunting Spear
[13/361] Selected https://everquest.allakhazam.com/db/item.html?item=730
[14/361] Searching Bark Shield
[14/361] Selected https://everquest.allakhazam.com/db/item.html?item=1116
[15/361] Searching Barnacle-Covered Pauldron
[15/361] Selected https://everquest.allakhazam.com/db/item.html?item=1038
[16/361] Searching Bear-Hide Jerkin
[16/361] Selected https://everquest.allakhazam.com/db/item.html?item=6126
[17/361] Searching Beartooth Necklace
[17/361] Selected https://everquest.allakhazam.com/db/item.html?item=1147
[18/361] Searching Black Chitin leggings
[18/361] Selected https://everquest.allakhazam.com/db/item.html?item=1312
[19/361] Searching Black Tome with Silver Runes
[19/361] Selected https://everquest.allakhazam.com/db/item.html?item=2274
[20/361] Searching Blackened Mithril Boots
[20/361] Selected https://everquest.allakhazam.com/db/item.html?item=13903
[21/361] Searching Blackened Sapphire
[21/361] Selected https://everquest.allakhazam.com/db/item.html?item=2276
[22/361] Searching Blackened Wand
[22/361] Selected https://everquest.allakhazam.com/db/item.html?item=2277
[23/361] Searching Bladed Thulian Claws
[23/361] Selected https://everquest.allakhazam.com/db/item.html?item=2667
[24/361] Searching Blazing Wand
[24/361] Selected https://everquest.allakhazam.com/db/item.html?item=155
[25/361] Searching Blood of the Dhampyre
[25/361] Selected https://everquest.allakhazam.com/db/item.html?item=2489
[26/361] Searching Bloodstained Mantle
[26/361] Selected https://everquest.allakhazam.com/db/item.html?item=1036
[27/361] Searching Bloodstained Tunic
[27/361] Selected https://everquest.allakhazam.com/db/item.html?item=1995
[28/361] Searching Bloody Dirk
[28/361] Selected https://everquest.allakhazam.com/db/item.html?item=686
[29/361] Searching Bloody Mantle
[29/361] Selected https://everquest.allakhazam.com/db/item.html?item=994
[30/361] Searching Bone Fingered Gloves
[30/361] Selected https://everquest.allakhazam.com/db/item.html?item=1537
[31/361] Searching Bone Spear
[31/361] Selected https://everquest.allakhazam.com/db/item.html?item=667
[32/361] Searching Bottle of Drake Breath
[32/361] Selected https://everquest.allakhazam.com/db/item.html?item=2488
[33/361] Searching Bracelet of Woven Grass
[33/361] Selected https://everquest.allakhazam.com/db/item.html?item=776
[34/361] Searching Bracers of Battle
[34/361] Selected https://everquest.allakhazam.com/db/item.html?item=802
[35/361] Searching Brahhms Horn
[35/361] Selected https://everquest.allakhazam.com/db/item.html?item=2450
[36/361] Searching Braided Cinch Cord
[36/361] Selected https://everquest.allakhazam.com/db/item.html?item=913
[37/361] Searching Brass Earring
[37/361] Selected https://everquest.allakhazam.com/db/item.html?item=1908
[38/361] Searching Brazier of Elemental Summoning
[38/361] Selected https://everquest.allakhazam.com/db/item.html?item=3611
[39/361] Searching Brigandine Tunic
[39/361] Selected https://everquest.allakhazam.com/db/item.html?item=2013
[40/361] Searching Broken Minotaur Lord's Horn
[40/361] Selected https://everquest.allakhazam.com/db/item.html?item=2765
[41/361] Searching Brown Chitin Protector
[41/361] Selected https://everquest.allakhazam.com/db/item.html?item=1993
[42/361] Searching BUGGED
[43/361] Searching Butler Syncalls Fang
[43/361] Selected https://everquest.allakhazam.com/db/item.html?item=17405
[44/361] Searching Cape of Midnight Mist
[44/361] Selected https://everquest.allakhazam.com/db/item.html?item=1188
[45/361] Searching Carnal Pauldrons
[45/361] Selected https://everquest.allakhazam.com/db/item.html?item=1050
[46/361] Searching Carved Evory Mask
[47/361] Searching Charred Boots
[47/361] Selected https://everquest.allakhazam.com/db/item.html?item=1768
[48/361] Searching Charred Guardian Breastplate
[48/361] Selected https://everquest.allakhazam.com/db/item.html?item=2009
[49/361] Searching Charred Guardian Shield
[49/361] Selected https://everquest.allakhazam.com/db/item.html?item=1100
[50/361] Searching Chestplate of the Dark Flame
[50/361] Selected https://everquest.allakhazam.com/db/item.html?item=2023
[51/361] Searching Chitin Shell Armor
[51/361] Selected https://everquest.allakhazam.com/db/item.html?item=2012
[52/361] Searching Chitin Shell Shield
[52/361] Selected https://everquest.allakhazam.com/db/item.html?item=1118
[53/361] Searching Chrysoberyl Talisman
[53/361] Selected https://everquest.allakhazam.com/db/item.html?item=1239
[54/361] Searching Clawed Knuckle-Ring
[54/361] Selected https://everquest.allakhazam.com/db/item.html?item=1638
[55/361] Searching Cloak of Leaves
[55/361] Selected https://everquest.allakhazam.com/db/item.html?item=2142
[56/361] Searching Cloak of Shadows
[56/361] Selected https://everquest.allakhazam.com/db/item.html?item=2195
[57/361] Searching Cold Iron Morning Star
[57/361] Selected https://everquest.allakhazam.com/db/item.html?item=109
[58/361] Searching Collar of Undead Protection
[58/361] Selected https://everquest.allakhazam.com/db/item.html?item=1234
[59/361] Searching Coral Trident
[59/361] Selected https://everquest.allakhazam.com/db/item.html?item=705
[60/361] Searching Cracked Darkwood Shield
[60/361] Selected https://everquest.allakhazam.com/db/item.html?item=1110
[61/361] Searching Cracked Glass Key
[61/361] Selected https://everquest.allakhazam.com/db/item.html?item=22533
[62/361] Searching Crested Helm
[62/361] Selected https://everquest.allakhazam.com/db/item.html?item=1476
[63/361] Searching Crested Mistmoore Shield
[63/361] Selected https://everquest.allakhazam.com/db/item.html?item=1102
[64/361] Searching Crested Spaulders
[64/361] Selected https://everquest.allakhazam.com/db/item.html?item=1062
[65/361] Searching Crookstinger
[65/361] Selected https://everquest.allakhazam.com/db/item.html?item=627
[66/361] Searching Crookstinger Poison
[66/361] Selected https://everquest.allakhazam.com/db/item.html?item=2345
[67/361] Searching Crown of King Tranix
[67/361] Selected https://everquest.allakhazam.com/db/item.html?item=1492
[68/361] Searching Crown of Leaves
[68/361] Selected https://everquest.allakhazam.com/db/item.html?item=1384
[69/361] Searching Crown of the Froglok Kings
[69/361] Selected https://everquest.allakhazam.com/db/item.html?item=1485
[70/361] Searching Crysknife
[70/361] Selected https://everquest.allakhazam.com/db/item.html?item=628
[71/361] Searching Crystal Ring
[71/361] Selected https://everquest.allakhazam.com/db/item.html?item=1641
[72/361] Searching Crystalline Orb
[72/361] Selected https://everquest.allakhazam.com/db/item.html?item=3618
[73/361] Searching Dagger of Marnak
[74/361] Searching Dark Circlet
[74/361] Selected https://everquest.allakhazam.com/db/item.html?item=1428
[75/361] Searching Dark Mail Gauntlets
[75/361] Selected https://everquest.allakhazam.com/db/item.html?item=1591
[76/361] Searching Dark Reaver
[76/361] Selected https://everquest.allakhazam.com/db/item.html?item=420
[77/361] Searching Darksea Harpoon
[77/361] Selected https://everquest.allakhazam.com/db/item.html?item=733
[78/361] Searching Death Scarab Gland
[78/361] Selected https://everquest.allakhazam.com/db/item.html?item=3619
[79/361] Searching Dented Brass Mask
[79/361] Selected https://everquest.allakhazam.com/db/item.html?item=1868
[80/361] Searching Devlas Ilkvel
[80/361] Selected https://everquest.allakhazam.com/db/item.html?item=1111
[81/361] Searching Diamondine Earring
[81/361] Selected https://everquest.allakhazam.com/db/item.html?item=1909
[82/361] Searching Djarn's Amethyst Ring
[82/361] Selected https://everquest.allakhazam.com/db/item.html?item=1643
[83/361] Searching Double-Bladed Bone Axe
[83/361] Selected https://everquest.allakhazam.com/db/item.html?item=406
[84/361] Searching Drake-Hide Leggings
[84/361] Selected https://everquest.allakhazam.com/db/item.html?item=1283
[85/361] Searching Drake-Hide Sleeves
[85/361] Selected https://everquest.allakhazam.com/db/item.html?item=2218
[86/361] Searching Drakescale Belt
[86/361] Selected https://everquest.allakhazam.com/db/item.html?item=949
[87/361] Searching Driftwood Treasure Chest
[87/361] Selected https://everquest.allakhazam.com/db/item.html?item=2377
[88/361] Searching Dull Wooden Spear
[88/361] Selected https://everquest.allakhazam.com/db/item.html?item=695
[89/361] Searching Dusty Bloodstained Gloves
[89/361] Selected https://everquest.allakhazam.com/db/item.html?item=1524
[90/361] Searching Dwarven Work Boots
[91/361] Searching Earring of Disease Reflection
[91/361] Selected https://everquest.allakhazam.com/db/item.html?item=1910
[92/361] Searching Ebony Bladed Sword
[92/361] Selected https://everquest.allakhazam.com/db/item.html?item=282
[93/361] Searching Electrum Braclet
[94/361] Searching Elf-Hide Gloves
[94/361] Selected https://everquest.allakhazam.com/db/item.html?item=1550
[95/361] Searching Embroidered Black Cape
[95/361] Selected https://everquest.allakhazam.com/db/item.html?item=1020
[96/361] Searching Embroidered Black Sleeves
[96/361] Selected https://everquest.allakhazam.com/db/item.html?item=2215
[97/361] Searching Empyran Jerkin
[97/361] Selected https://everquest.allakhazam.com/db/item.html?item=56544
[98/361] Searching Enameled Black Chestplate
[98/361] Selected https://everquest.allakhazam.com/db/item.html?item=2044
[99/361] Searching Enameled Black Mace
[99/361] Selected https://everquest.allakhazam.com/db/item.html?item=95
[100/361] Searching Essence of Earth
[100/361] Selected https://everquest.allakhazam.com/db/item.html?item=49195
[101/361] Searching Etched Ivory Charm
[101/361] Selected https://everquest.allakhazam.com/db/item.html?item=1244
[102/361] Searching Executioner's Axe
[102/361] Selected https://everquest.allakhazam.com/db/item.html?item=439
[103/361] Searching Executioner's Hood
[104/361] Searching Eye of Petrifin
[104/361] Selected https://everquest.allakhazam.com/db/item.html?item=21145
[105/361] Searching Feathered Leggings
[105/361] Selected https://everquest.allakhazam.com/db/item.html?item=1273
[106/361] Searching Fine Silk Turban
[106/361] Selected https://everquest.allakhazam.com/db/item.html?item=1475
[107/361] Searching Fleshripper
[107/361] Selected https://everquest.allakhazam.com/db/item.html?item=418
[108/361] Searching Flowing Black Robe
[108/361] Selected https://everquest.allakhazam.com/db/item.html?item=2082
[109/361] Searching Flowing Black Silk Sash FBSS
[110/361] Searching Foreman's Tunic
[110/361] Selected https://everquest.allakhazam.com/db/item.html?item=1978
[111/361] Searching Gatorscale Leggings
[111/361] Selected https://everquest.allakhazam.com/db/item.html?item=1301
[112/361] Searching Gatorscale Sleeves
[112/361] Selected https://everquest.allakhazam.com/db/item.html?item=2237
[113/361] Searching Ghoulbane
[113/361] Selected https://everquest.allakhazam.com/db/item.html?item=345
[114/361] Searching Giant Laceless Sandal
[114/361] Selected https://everquest.allakhazam.com/db/item.html?item=1117
[115/361] Searching Giant Rat Tail
[115/361] Selected https://everquest.allakhazam.com/db/item.html?item=198
[116/361] Searching Giants Reminder String
[116/361] Selected https://everquest.allakhazam.com/db/item.html?item=914
[117/361] Searching Gilded Cloth
[117/361] Selected https://everquest.allakhazam.com/db/item.html?item=1016
[118/361] Searching Gimblox Signet Ring (Clr)
[119/361] Searching Gladius
[119/361] Selected https://everquest.allakhazam.com/db/item.html?item=268
[120/361] Searching Gloomwater Arrow
[120/361] Selected https://everquest.allakhazam.com/db/item.html?item=4154
[121/361] Searching Gloomwater Harpoon
[121/361] Selected https://everquest.allakhazam.com/db/item.html?item=720
[122/361] Searching Glowing Black Stone
[122/361] Selected https://everquest.allakhazam.com/db/item.html?item=2297
[123/361] Searching Glowing Iron Pike
[123/361] Selected https://everquest.allakhazam.com/db/item.html?item=718
[124/361] Searching Glowing Mask
[124/361] Selected https://everquest.allakhazam.com/db/item.html?item=1833
[125/361] Searching Glowing Stone Band
[125/361] Selected https://everquest.allakhazam.com/db/item.html?item=1658
[126/361] Searching Glowing Torch
[126/361] Selected https://everquest.allakhazam.com/db/item.html?item=2298
[127/361] Searching Glowing Wooden Crook
[127/361] Selected https://everquest.allakhazam.com/db/item.html?item=499
[128/361] Searching Gnoll Hide Tome
[128/361] Selected https://everquest.allakhazam.com/db/item.html?item=2299
[129/361] Searching Gnomish Environmental Suit
[130/361] Searching Golden Chitin Bracer
[130/361] Selected https://everquest.allakhazam.com/db/item.html?item=837
[131/361] Searching Golden Efreeti Boots
[131/361] Selected https://everquest.allakhazam.com/db/item.html?item=1766
[132/361] Searching Golden Locket
[132/361] Selected https://everquest.allakhazam.com/db/item.html?item=1184
[133/361] Searching Golem Metal Wand
[133/361] Selected https://everquest.allakhazam.com/db/item.html?item=3644
[134/361] Searching Gorilla Hide leggings
[134/361] Selected https://everquest.allakhazam.com/db/item.html?item=1299
[135/361] Searching Gorilla Hide Mask
[135/361] Selected https://everquest.allakhazam.com/db/item.html?item=1854
[136/361] Searching Granite Bracer
[136/361] Selected https://everquest.allakhazam.com/db/item.html?item=839
[137/361] Searching Granite Earring
[137/361] Selected https://everquest.allakhazam.com/db/item.html?item=1932
[138/361] Searching Green Silken Drape
[138/361] Selected https://everquest.allakhazam.com/db/item.html?item=2084
[139/361] Searching Griffon Talon Gloves
[139/361] Selected https://everquest.allakhazam.com/db/item.html?item=1546
[140/361] Searching Grimy Lance
[140/361] Selected https://everquest.allakhazam.com/db/item.html?item=6259
[141/361] Searching Grizzleknot Bark
[141/361] Selected https://everquest.allakhazam.com/db/item.html?item=2895
[142/361] Searching Guise of the Deceiver
[142/361] Selected https://everquest.allakhazam.com/db/item.html?item=1874
[143/361] Searching Gypsy Medallion
[143/361] Selected https://everquest.allakhazam.com/db/item.html?item=1187
[144/361] Searching Hamed's Ring of Tears
[144/361] Selected https://everquest.allakhazam.com/db/item.html?item=1662
[145/361] Searching Hexed Kerran Doll
[145/361] Selected https://everquest.allakhazam.com/db/item.html?item=2306
[146/361] Searching Hooded Black Cloak
[146/361] Selected https://everquest.allakhazam.com/db/item.html?item=2187
[147/361] Searching Hulking Spiked Club
[147/361] Selected https://everquest.allakhazam.com/db/item.html?item=62
[148/361] Searching Ice Crystal Staff
[148/361] Selected https://everquest.allakhazam.com/db/item.html?item=36
[149/361] Searching Idol of the Underking
[149/361] Selected https://everquest.allakhazam.com/db/item.html?item=2307
[150/361] Searching Illusionist's Stone
[151/361] Searching Impskin Gloves
[151/361] Selected https://everquest.allakhazam.com/db/item.html?item=1525
[152/361] Searching Iron Leash Collar
[152/361] Selected https://everquest.allakhazam.com/db/item.html?item=1222
[153/361] Searching Iron Shackles
[153/361] Selected https://everquest.allakhazam.com/db/item.html?item=858
[154/361] Searching Ivory Brraclet
[155/361] Searching Jagged Band
[155/361] Selected https://everquest.allakhazam.com/db/item.html?item=1665
[156/361] Searching Jambiya
[156/361] Selected https://everquest.allakhazam.com/db/item.html?item=698
[157/361] Searching Kedgemail Gauntlets
[157/361] Selected https://everquest.allakhazam.com/db/item.html?item=1600
[158/361] Searching Kerran Headband
[158/361] Selected https://everquest.allakhazam.com/db/item.html?item=1387
[159/361] Searching Kerran Tribal headband
[159/361] Selected https://everquest.allakhazam.com/db/item.html?item=1388
[160/361] Searching Kerran War Spear
[160/361] Selected https://everquest.allakhazam.com/db/item.html?item=706
[161/361] Searching Keys
[161/361] Selected https://everquest.allakhazam.com/db/item.html?item=135131
[162/361] Searching Kicsh Der Pavz
[162/361] Selected https://everquest.allakhazam.com/db/item.html?item=314
[163/361] Searching kobold-hide boots
[163/361] Selected https://everquest.allakhazam.com/db/item.html?item=1760
[164/361] Searching Labyrinth Talisman
[164/361] Selected https://everquest.allakhazam.com/db/item.html?item=1241
[165/361] Searching Large Soiled Bag
[165/361] Selected https://everquest.allakhazam.com/db/item.html?item=2597
[166/361] Searching Larktwitter Arrows
[167/361] Searching Larktwitter Bow
[167/361] Selected https://everquest.allakhazam.com/db/item.html?item=2669
[168/361] Searching Lava Potion
[168/361] Selected https://everquest.allakhazam.com/db/item.html?item=2501
[169/361] Searching Lens of Glowing Amber
[169/361] Selected https://everquest.allakhazam.com/db/item.html?item=2973
[170/361] Searching Light Burlap Sack
[170/361] Selected https://everquest.allakhazam.com/db/item.html?item=2598
[171/361] Searching Limestone Ring
[171/361] Selected https://everquest.allakhazam.com/db/item.html?item=1666
[172/361] Searching Lion-Skin Leggings
[172/361] Selected https://everquest.allakhazam.com/db/item.html?item=1298
[173/361] Searching Lizard Blood Potion
[173/361] Selected https://everquest.allakhazam.com/db/item.html?item=2503
[174/361] Searching Lizardscale Belt
[174/361] Selected https://everquest.allakhazam.com/db/item.html?item=915
[175/361] Searching Lizardscale Cloak
[175/361] Selected https://everquest.allakhazam.com/db/item.html?item=2177
[176/361] Searching Lizardscale Mantle
[176/361] Selected https://everquest.allakhazam.com/db/item.html?item=1032
[177/361] Searching Lizardskin Tribal Mask
[177/361] Selected https://everquest.allakhazam.com/db/item.html?item=1857
[178/361] Searching Loam Bracer
[179/361] Searching Loam Cap
[180/361] Searching Loam Cloak
[180/361] Selected https://everquest.allakhazam.com/db/item.html?item=55151
[181/361] Searching Loam Encrusted Sash
[181/361] Selected https://everquest.allakhazam.com/db/item.html?item=933
[182/361] Searching Loam Pants
[183/361] Searching Loam Sleeves
[184/361] Searching Locket of Escape (very unlikely)
[185/361] Searching Lockjaw Hide Vest
[185/361] Selected https://everquest.allakhazam.com/db/item.html?item=1990
[186/361] Searching Lute of the Gypsy Princess
[186/361] Selected https://everquest.allakhazam.com/db/item.html?item=2466
[187/361] Searching Maid Issis Fang
[187/361] Selected https://everquest.allakhazam.com/db/item.html?item=17406
[188/361] Searching Mammoth Hide Cloak
[188/361] Selected https://everquest.allakhazam.com/db/item.html?item=2171
[189/361] Searching Mammoth Hide Leggings
[189/361] Selected https://everquest.allakhazam.com/db/item.html?item=1297
[190/361] Searching Man-o-War
[190/361] Selected https://everquest.allakhazam.com/db/item.html?item=542
[191/361] Searching Mask of Deception (later)
[192/361] Searching Memento Box
[192/361] Selected https://everquest.allakhazam.com/db/item.html?item=2601
[193/361] Searching Minotaur Hero Shackles
[193/361] Selected https://everquest.allakhazam.com/db/item.html?item=823
[194/361] Searching Minotaur Ribcage
[194/361] Selected https://everquest.allakhazam.com/db/item.html?item=2006
[195/361] Searching Mistmoore Battle Drums
[195/361] Selected https://everquest.allakhazam.com/db/item.html?item=2474
[196/361] Searching Mithil Quill
[197/361] Searching Mithril Breastplate
[197/361] Selected https://everquest.allakhazam.com/db/item.html?item=2016
[198/361] Searching Mithril Frog Totem
[198/361] Selected https://everquest.allakhazam.com/db/item.html?item=2315
[199/361] Searching Mithril Greaves
[199/361] Selected https://everquest.allakhazam.com/db/item.html?item=1325
[200/361] Searching Mithril Two-Handed Sword
[200/361] Selected https://everquest.allakhazam.com/db/item.html?item=428
[201/361] Searching Mithril Vambraces
[201/361] Selected https://everquest.allakhazam.com/db/item.html?item=2443
[202/361] Searching Mithril-Runed Tunic
[202/361] Selected https://everquest.allakhazam.com/db/item.html?item=1979
[203/361] Searching Molten Cloak
[203/361] Selected https://everquest.allakhazam.com/db/item.html?item=2137
[204/361] Searching Moonstone Ring
[204/361] Selected https://everquest.allakhazam.com/db/item.html?item=1668
[205/361] Searching Mortificator Staff
[205/361] Selected https://everquest.allakhazam.com/db/item.html?item=529
[206/361] Searching Mroons Toy
[206/361] Selected https://everquest.allakhazam.com/db/item.html?item=546
[207/361] Searching Mudman Enforcer
[207/361] Selected https://everquest.allakhazam.com/db/item.html?item=102
[208/361] Searching Mystical Claws of Jo Jo
[209/361] Searching Nightmare Hide
[209/361] Selected https://everquest.allakhazam.com/db/item.html?item=2146
[210/361] Searching Nightshade Wreath
[210/361] Selected https://everquest.allakhazam.com/db/item.html?item=1386
[211/361] Searching No Unique Drop
[212/361] Searching Obsidian Bead Hoop
[212/361] Selected https://everquest.allakhazam.com/db/item.html?item=1936
[213/361] Searching Obsidian Flamberge
[213/361] Selected https://everquest.allakhazam.com/db/item.html?item=415
[214/361] Searching Obsidian Ring
[214/361] Selected https://everquest.allakhazam.com/db/item.html?item=1669
[215/361] Searching Obsidian Scimatar
[216/361] Searching obsidian shards
[217/361] Searching Opalline Earring
[217/361] Selected https://everquest.allakhazam.com/db/item.html?item=1938
[218/361] Searching Orcish Mace
[218/361] Selected https://everquest.allakhazam.com/db/item.html?item=69
[219/361] Searching Orcish Morning Star
[219/361] Selected https://everquest.allakhazam.com/db/item.html?item=87
[220/361] Searching Painbringer
[220/361] Selected https://everquest.allakhazam.com/db/item.html?item=283
[221/361] Searching Pair of Bent Spectacles
[221/361] Selected https://everquest.allakhazam.com/db/item.html?item=1820
[222/361] Searching Pearl Kedge Totem
[222/361] Selected https://everquest.allakhazam.com/db/item.html?item=2318
[223/361] Searching Pearlescent Mask
[223/361] Selected https://everquest.allakhazam.com/db/item.html?item=1885
[224/361] Searching Pegasus Feather Cloak
[224/361] Selected https://everquest.allakhazam.com/db/item.html?item=1039
[225/361] Searching Pestilence Scythe 10/50
[226/361] Searching Pestilence Scythe 16/48
[227/361] Searching Petrified Erudite Heart Amulet
[227/361] Selected https://everquest.allakhazam.com/db/item.html?item=1189
[228/361] Searching Platinum Armband
[228/361] Selected https://everquest.allakhazam.com/db/item.html?item=2199
[229/361] Searching Platinum Dragon Totem
[229/361] Selected https://everquest.allakhazam.com/db/item.html?item=2319
[230/361] Searching Platinum Skull Ring
[230/361] Selected https://everquest.allakhazam.com/db/item.html?item=1687
[231/361] Searching Platinum Tiara
[231/361] Selected https://everquest.allakhazam.com/db/item.html?item=1407
[232/361] Searching Polished Bone Hoop
[232/361] Selected https://everquest.allakhazam.com/db/item.html?item=1940
[233/361] Searching Polished Brass Key
[233/361] Selected https://everquest.allakhazam.com/db/item.html?item=3045
[234/361] Searching Polished Granite Tomahawk
[234/361] Selected https://everquest.allakhazam.com/db/item.html?item=239
[235/361] Searching Polished Mithril Mask
[235/361] Selected https://everquest.allakhazam.com/db/item.html?item=1884
[236/361] Searching Polished Mithril Torque
[236/361] Selected https://everquest.allakhazam.com/db/item.html?item=1253
[237/361] Searching Pouch of Ghoul Ash
[237/361] Selected https://everquest.allakhazam.com/db/item.html?item=3653
[238/361] Searching Power of Fire
[238/361] Selected https://everquest.allakhazam.com/db/item.html?item=22735
[239/361] Searching Pugius
[239/361] Selected https://everquest.allakhazam.com/db/item.html?item=656
[240/361] Searching Pulsating Brood Clutch
[240/361] Selected https://everquest.allakhazam.com/db/item.html?item=3054
[241/361] Searching Rahotep's Scepter
[242/361] Searching Rat Bone Powder
[242/361] Selected https://everquest.allakhazam.com/db/item.html?item=3657
[243/361] Searching Ravenscale Armguards
[243/361] Selected https://everquest.allakhazam.com/db/item.html?item=2258
[244/361] Searching Ravenscale Boots
[244/361] Selected https://everquest.allakhazam.com/db/item.html?item=1790
[245/361] Searching Ravenscale Bracer
[245/361] Selected https://everquest.allakhazam.com/db/item.html?item=878
[246/361] Searching Ravenscale Chestguard
[246/361] Selected https://everquest.allakhazam.com/db/item.html?item=2021
[247/361] Searching Ravenscale Coif
[247/361] Selected https://everquest.allakhazam.com/db/item.html?item=1487
[248/361] Searching Ravenscale Gloves
[248/361] Selected https://everquest.allakhazam.com/db/item.html?item=1597
[249/361] Searching Ravenscale Leggings
[249/361] Selected https://everquest.allakhazam.com/db/item.html?item=1331
[250/361] Searching Razing Sword of Skarlon
[250/361] Selected https://everquest.allakhazam.com/db/item.html?item=442
[251/361] Searching Red Wood Wand
[251/361] Selected https://everquest.allakhazam.com/db/item.html?item=2353
[252/361] Searching Reed Belt
[252/361] Selected https://everquest.allakhazam.com/db/item.html?item=959
[253/361] Searching Reed Ring
[253/361] Selected https://everquest.allakhazam.com/db/item.html?item=1690
[254/361] Searching Ribcage Chest Armor
[254/361] Selected https://everquest.allakhazam.com/db/item.html?item=1960
[255/361] Searching Ring of Goblin Lords
[255/361] Selected https://everquest.allakhazam.com/db/item.html?item=1693
[256/361] Searching Ring of the Ancients
[256/361] Selected https://everquest.allakhazam.com/db/item.html?item=848
[257/361] Searching Ring of Xorbb
[257/361] Selected https://everquest.allakhazam.com/db/item.html?item=1698
[258/361] Searching Riptide Spear
[258/361] Selected https://everquest.allakhazam.com/db/item.html?item=663
[259/361] Searching Rod of Health
[259/361] Selected https://everquest.allakhazam.com/db/item.html?item=59
[260/361] Searching Rokyl's Channeling Crystal
[261/361] Searching Rubicite Armguards
[262/361] Searching Rubicite Boots
[262/361] Selected https://everquest.allakhazam.com/db/item.html?item=1787
[263/361] Searching Rubicite Breastplate
[263/361] Selected https://everquest.allakhazam.com/db/item.html?item=2020
[264/361] Searching Rubicite Gauntlets
[264/361] Selected https://everquest.allakhazam.com/db/item.html?item=1595
[265/361] Searching Rubicite Helm
[265/361] Selected https://everquest.allakhazam.com/db/item.html?item=1482
[266/361] Searching Rubicite Leggings
[266/361] Selected https://everquest.allakhazam.com/db/item.html?item=10420
[267/361] Searching Runed Bone Fork
[267/361] Selected https://everquest.allakhazam.com/db/item.html?item=641
[268/361] Searching Runed Circlet
[268/361] Selected https://everquest.allakhazam.com/db/item.html?item=1427
[269/361] Searching Runed Cowl
[269/361] Selected https://everquest.allakhazam.com/db/item.html?item=1399
[270/361] Searching Runed Falchion
[270/361] Selected https://everquest.allakhazam.com/db/item.html?item=324
[271/361] Searching Runed Lava Pendant
[271/361] Selected https://everquest.allakhazam.com/db/item.html?item=1242
[272/361] Searching Runed Mithril bracer
[272/361] Selected https://everquest.allakhazam.com/db/item.html?item=812
[273/361] Searching Runed Oak Bow
[273/361] Selected https://everquest.allakhazam.com/db/item.html?item=2674
[274/361] Searching Savant's Cap
[274/361] Selected https://everquest.allakhazam.com/db/item.html?item=1398
[275/361] Searching Scalp of the Ghoul Lord
[275/361] Selected https://everquest.allakhazam.com/db/item.html?item=16395
[276/361] Searching Scarab Ring
[276/361] Selected https://everquest.allakhazam.com/db/item.html?item=1701
[277/361] Searching Sceptre of Flame
[278/361] Searching Scuffed Silver Key
[278/361] Selected https://everquest.allakhazam.com/db/item.html?item=22910
[279/361] Searching Scute Shield
[279/361] Selected https://everquest.allakhazam.com/db/item.html?item=1119
[280/361] Searching Seahorse Scale Cloak
[280/361] Selected https://everquest.allakhazam.com/db/item.html?item=2182
[281/361] Searching Sepentskin Eyepatch
[282/361] Searching Serpent Blood Potion
[282/361] Selected https://everquest.allakhazam.com/db/item.html?item=2581
[283/361] Searching Serpent Insignia Collar
[283/361] Selected https://everquest.allakhazam.com/db/item.html?item=1169
[284/361] Searching Serpentine Bracer
[284/361] Selected https://everquest.allakhazam.com/db/item.html?item=775
[285/361] Searching Serrated Bone Dirk
[285/361] Selected https://everquest.allakhazam.com/db/item.html?item=709
[286/361] Searching Shard of Golem Stone
[286/361] Selected https://everquest.allakhazam.com/db/item.html?item=3661
[287/361] Searching Shark Tooth
[287/361] Selected https://everquest.allakhazam.com/db/item.html?item=659
[288/361] Searching Sharkbone Warhammer
[288/361] Selected https://everquest.allakhazam.com/db/item.html?item=98
[289/361] Searching Sharkjaw Cutlass
[289/361] Selected https://everquest.allakhazam.com/db/item.html?item=316
[290/361] Searching Sharkskin Gloves
[291/361] Searching Shield of Prexus
[291/361] Selected https://everquest.allakhazam.com/db/item.html?item=1092
[292/361] Searching Shield of the Slain Unicorn
[292/361] Selected https://everquest.allakhazam.com/db/item.html?item=1096
[293/361] Searching Shimmering Orb
[293/361] Selected https://everquest.allakhazam.com/db/item.html?item=2324
[294/361] Searching Shimmering White Shroud
[294/361] Selected https://everquest.allakhazam.com/db/item.html?item=2150
[295/361] Searching Shining Metallic Robes
[295/361] Selected https://everquest.allakhazam.com/db/item.html?item=2098
[296/361] Searching Shiny Brass Halberd
[296/361] Selected https://everquest.allakhazam.com/db/item.html?item=396
[297/361] Searching Shiny Brass Idol
[297/361] Selected https://everquest.allakhazam.com/db/item.html?item=3662
[298/361] Searching Shiny Golden Coin
[298/361] Selected https://everquest.allakhazam.com/db/item.html?item=2325
[299/361] Searching Shiny Silk Gloves
[299/361] Selected https://everquest.allakhazam.com/db/item.html?item=1538
[300/361] Searching Short Sword of the Ykesha
[300/361] Selected https://everquest.allakhazam.com/db/item.html?item=300
[301/361] Searching Shralok Pack
[301/361] Selected https://everquest.allakhazam.com/db/item.html?item=2607
[302/361] Searching Silver Wolf Totem
[302/361] Selected https://everquest.allakhazam.com/db/item.html?item=54253
[303/361] Searching Silver-Plated Bracer
[303/361] Selected https://everquest.allakhazam.com/db/item.html?item=855
[304/361] Searching Silver-Plated Leggings
[304/361] Selected https://everquest.allakhazam.com/db/item.html?item=1324
[305/361] Searching Silverish Scimitar
[305/361] Selected https://everquest.allakhazam.com/db/item.html?item=248
[306/361] Searching Silversilk Leggings
[306/361] Selected https://everquest.allakhazam.com/db/item.html?item=1274
[307/361] Searching Silvery Two Handed Axe
[307/361] Selected https://everquest.allakhazam.com/db/item.html?item=427
[308/361] Searching Silvery War Axe
[308/361] Selected https://everquest.allakhazam.com/db/item.html?item=251
[309/361] Searching Siryn Hair Hood
[309/361] Selected https://everquest.allakhazam.com/db/item.html?item=1439
[310/361] Searching Skull of Jhen'Tra
[310/361] Selected https://everquest.allakhazam.com/db/item.html?item=2326
[311/361] Searching Skull-Shaped Barbute
[311/361] Selected https://everquest.allakhazam.com/db/item.html?item=1494
[312/361] Searching Slime Crystal Staff
[312/361] Selected https://everquest.allakhazam.com/db/item.html?item=39
[313/361] Searching Small Bone Shield
[313/361] Selected https://everquest.allakhazam.com/db/item.html?item=61843
[314/361] Searching Small Stone Key
[314/361] Selected https://everquest.allakhazam.com/db/item.html?item=27079
[315/361] Searching Smoldering Brand
[315/361] Selected https://everquest.allakhazam.com/db/item.html?item=116
[316/361] Searching Sphere of Unrest
[316/361] Selected https://everquest.allakhazam.com/db/item.html?item=3137
[317/361] Searching Spoon (ENC EPIC)
[318/361] Searching Squallsurge Shawl
[318/361] Selected https://everquest.allakhazam.com/db/item.html?item=1034
[319/361] Searching Staf of Writhing
[320/361] Searching Stiletto of the Bloodclaw
[320/361] Selected https://everquest.allakhazam.com/db/item.html?item=684
[321/361] Searching Stonemelder's Band
[321/361] Selected https://everquest.allakhazam.com/db/item.html?item=5506
[322/361] Searching Superb Bear Hide
[322/361] Selected https://everquest.allakhazam.com/db/item.html?item=3148
[323/361] Searching Superb Lion Skin
[323/361] Selected https://everquest.allakhazam.com/db/item.html?item=3149
[324/361] Searching Superb Wolf Hide
[324/361] Selected https://everquest.allakhazam.com/db/item.html?item=3150
[325/361] Searching Symbol of Loyalty to Vox
[325/361] Selected https://everquest.allakhazam.com/db/item.html?item=856
[326/361] Searching Syythrak Hide Vest
[326/361] Selected https://everquest.allakhazam.com/db/item.html?item=1980
[327/361] Searching Tesch Val Sinisch
[327/361] Selected https://everquest.allakhazam.com/db/item.html?item=719
[328/361] Searching Thaumaturgist's Robe
[328/361] Selected https://everquest.allakhazam.com/db/item.html?item=2070
[329/361] Searching Thick Amber Potion
[329/361] Selected https://everquest.allakhazam.com/db/item.html?item=33093
[330/361] Searching Thick Banded Belt
[330/361] Selected https://everquest.allakhazam.com/db/item.html?item=974
[331/361] Searching Thick Black Cape
[331/361] Selected https://everquest.allakhazam.com/db/item.html?item=1011
[332/361] Searching Thick Leather Apron
[332/361] Selected https://everquest.allakhazam.com/db/item.html?item=972
[333/361] Searching Thunderhoof Quiver
[333/361] Selected https://everquest.allakhazam.com/db/item.html?item=3668
[334/361] Searching Tiger Hide Gloves
[334/361] Selected https://everquest.allakhazam.com/db/item.html?item=1523
[335/361] Searching Topknot Headband
[335/361] Selected https://everquest.allakhazam.com/db/item.html?item=1406
[336/361] Searching Traveler's Pack
[336/361] Selected https://everquest.allakhazam.com/db/item.html?item=104165
[337/361] Searching Traveler's Pouch
[338/361] Searching Treant Staff
[338/361] Selected https://everquest.allakhazam.com/db/item.html?item=497
[339/361] Searching Troll-Hide Belt
[339/361] Selected https://everquest.allakhazam.com/db/item.html?item=947
[340/361] Searching Turquoise Eyepatch
[340/361] Selected https://everquest.allakhazam.com/db/item.html?item=1847
[341/361] Searching Vacra Av Svim
[341/361] Selected https://everquest.allakhazam.com/db/item.html?item=296
[342/361] Searching Various Decayed Armor (Darkforge)
[343/361] Searching Various Large Bronze
[344/361] Searching Various Rubicite Armor
[345/361] Searching Various Totemic Armor
[346/361] Searching Vial of Vampire Blood
[346/361] Selected https://everquest.allakhazam.com/db/item.html?item=2588
[347/361] Searching Wand of Ice
[347/361] Selected https://everquest.allakhazam.com/db/item.html?item=30
[348/361] Searching Wand of Shadow
[348/361] Selected https://everquest.allakhazam.com/db/item.html?item=32
[349/361] Searching Werewolf-Hide Jerkin
[349/361] Selected https://everquest.allakhazam.com/db/item.html?item=1973
[350/361] Searching White Gold Necklace
[350/361] Selected https://everquest.allakhazam.com/db/item.html?item=1173
[351/361] Searching White Wolf-Hide Cloak
[351/361] Selected https://everquest.allakhazam.com/db/item.html?item=2172
[352/361] Searching Widowmistress Hair
[352/361] Selected https://everquest.allakhazam.com/db/item.html?item=3189
[353/361] Searching Withered Gorget
[354/361] Searching Withered Leather Bracer
[355/361] Searching Withered Leather Gloves
[355/361] Selected https://everquest.allakhazam.com/db/item.html?item=4619
[356/361] Searching Withered Leather Leggings
[356/361] Selected https://everquest.allakhazam.com/db/item.html?item=4487
[357/361] Searching Withered Leather Skullcap
[357/361] Selected https://everquest.allakhazam.com/db/item.html?item=5606
[358/361] Searching Wolf Fur Slippers
[358/361] Selected https://everquest.allakhazam.com/db/item.html?item=1729
[359/361] Searching Wolf-Hide Sleeves
[359/361] Selected https://everquest.allakhazam.com/db/item.html?item=2227
[360/361] Searching Wooly Spider Silk Net
[360/361] Selected https://everquest.allakhazam.com/db/item.html?item=3674
[361/361] Searching Zaharn's Coronet
[361/361] Selected https://everquest.allakhazam.com/db/item.html?item=1434
Wrote 361 item detail records to C:\frostreaver stuff\data\item-details.json
Logged 2 failures to C:\frostreaver stuff\data\item-enrichment-errors.json
Wrote review summary to C:\frostreaver stuff\data\item-enrichment-review.json
